Test 1: 100 numere, 1000 numar maxim
Heap sort: 0.0119 ms
Merge sort: 0.0086 ms
Quick sort pivot random: 0.0138 ms
Quick sort pivot mediana din 3: 0.0102 ms
Shell sort: 0.0074 ms
Radix sort baza 10: 0.0059 ms
Radix sort baza 2^8: 0.0049 ms
Radix sort baza 2^16: 0.3233 ms
C++ sort: 0.0058 ms

Test 2: 100 numere, 1000000 numar maxim
Heap sort: 0.0198 ms
Merge sort: 0.0223 ms
Quick sort pivot random: 0.01 ms
Quick sort pivot mediana din 3: 0.0071 ms
Shell sort: 0.0062 ms
Radix sort baza 10: 0.0065 ms
Radix sort baza 2^8: 0.0038 ms
Radix sort baza 2^16: 0.1468 ms
C++ sort: 0.0042 ms

Test 3: 100 numere, 100000000 numar maxim
Heap sort: 0.0069 ms
Merge sort: 0.0054 ms
Quick sort pivot random: 0.0076 ms
Quick sort pivot mediana din 3: 0.0056 ms
Shell sort: 0.0044 ms
Radix sort baza 10: 0.0063 ms
Radix sort baza 2^8: 0.004 ms
Radix sort baza 2^16: 0.1466 ms
C++ sort: 0.0036 ms

